2025-09-28 12:09:54.853271 - User: Anonymous - Path: /api/conversations/
2025-09-28 12:13:19.156844 - User: Anonymous - Path: /api/conversations/
2025-09-28 12:15:51.453811 - User: Anonymous - Path: /api/conversations/
2025-09-28 12:17:04.458612 - User: Anonymous - Path: /api/token/
2025-09-28 12:18:44.363819 - User: Anonymous - Path: /api/conversations/
2025-09-28 12:20:41.248573 - User: Anonymous - Path: /api/conversations/
2025-09-28 12:25:00.083608 - User: Anonymous - Path: /api/messages/
2025-09-28 12:26:24.354085 - User: Anonymous - Path: /api/messages/
2025-09-28 12:30:09.180455 - User: Anonymous - Path: /api/messages/
2025-09-28 12:35:54.878967 - User: Anonymous - Path: /api/messages/
2025-09-28 12:37:16.845329 - User: Anonymous - Path: /api/messages/
2025-09-28 12:37:25.379605 - User: Anonymous - Path: /api/messages/
2025-09-28 12:47:00.038193 - User: Anonymous - Path: /api/conversations/fce5876c-5697-49f5-baa0-df3e97670c0b/add_message/
2025-09-28 12:49:04.035780 - User: Anonymous - Path: /api/conversations/fce5876c-5697-49f5-baa0-df3e97670c0b/add_message/
2025-09-28 12:49:04.298850 - User: Anonymous - Path: /api/conversations/fce5876c-5697-49f5-baa0-df3e97670c0b/add_message/
2025-09-28 12:49:04.558108 - User: Anonymous - Path: /api/conversations/fce5876c-5697-49f5-baa0-df3e97670c0b/add_message/
2025-09-28 12:49:04.831186 - User: Anonymous - Path: /api/conversations/fce5876c-5697-49f5-baa0-df3e97670c0b/add_message/
2025-09-28 12:49:05.098712 - User: Anonymous - Path: /api/conversations/fce5876c-5697-49f5-baa0-df3e97670c0b/add_message/
2025-09-28 12:49:05.375026 - User: Anonymous - Path: /api/conversations/fce5876c-5697-49f5-baa0-df3e97670c0b/add_message/
2025-09-28 12:50:12.752156 - User: Anonymous - Path: /api/conversations/fce5876c-5697-49f5-baa0-df3e97670c0b/add_message/
2025-09-28 12:50:13.003804 - User: Anonymous - Path: /api/conversations/fce5876c-5697-49f5-baa0-df3e97670c0b/add_message/
2025-09-28 12:50:13.252935 - User: Anonymous - Path: /api/conversations/fce5876c-5697-49f5-baa0-df3e97670c0b/add_message/
2025-09-28 12:50:13.525542 - User: Anonymous - Path: /api/conversations/fce5876c-5697-49f5-baa0-df3e97670c0b/add_message/
2025-09-28 12:50:13.769357 - User: Anonymous - Path: /api/conversations/fce5876c-5697-49f5-baa0-df3e97670c0b/add_message/
2025-09-28 12:50:14.020489 - User: Anonymous - Path: /api/conversations/fce5876c-5697-49f5-baa0-df3e97670c0b/add_message/
2025-09-28 12:51:24.327914 - User: Anonymous - Path: /api/conversations/fce5876c-5697-49f5-baa0-df3e97670c0b/add_message/
2025-09-28 12:52:54.381080 - User: Anonymous - Path: /api/conversations/fce5876c-5697-49f5-baa0-df3e97670c0b/add_message/
2025-09-28 12:56:35.396415 - User: Anonymous - Path: /api/conversations/fce5876c-5697-49f5-baa0-df3e97670c0b/add_message/
2025-09-28 13:06:26.873001 - User: Anonymous - Path: /api/messages/
2025-09-28 13:06:27.178177 - User: Anonymous - Path: /api/messages/
2025-09-28 13:06:27.464635 - User: Anonymous - Path: /api/messages/
2025-09-28 13:06:27.739206 - User: Anonymous - Path: /api/messages/
2025-09-28 13:06:28.000926 - User: Anonymous - Path: /api/messages/
2025-09-28 13:06:28.270316 - User: Anonymous - Path: /api/messages/
2025-09-28 13:08:07.821831 - User: Anonymous - Path: /api/conversations/fce5876c-5697-49f5-baa0-df3e97670c0b/add_message/
2025-09-28 13:08:08.144676 - User: Anonymous - Path: /api/conversations/fce5876c-5697-49f5-baa0-df3e97670c0b/add_message/
2025-09-28 13:08:08.570429 - User: Anonymous - Path: /api/conversations/fce5876c-5697-49f5-baa0-df3e97670c0b/add_message/
2025-09-28 13:08:08.893552 - User: Anonymous - Path: /api/conversations/fce5876c-5697-49f5-baa0-df3e97670c0b/add_message/
2025-09-28 13:08:09.193931 - User: Anonymous - Path: /api/conversations/fce5876c-5697-49f5-baa0-df3e97670c0b/add_message/
2025-09-28 13:08:09.470403 - User: Anonymous - Path: /api/conversations/fce5876c-5697-49f5-baa0-df3e97670c0b/add_message/
2025-09-28 13:10:53.315155 - User: Anonymous - Path: /api/conversations/fce5876c-5697-49f5-baa0-df3e97670c0b/add_message/
2025-09-28 13:10:53.821250 - User: Anonymous - Path: /api/conversations/fce5876c-5697-49f5-baa0-df3e97670c0b/add_message/
2025-09-28 13:10:54.132843 - User: Anonymous - Path: /api/conversations/fce5876c-5697-49f5-baa0-df3e97670c0b/add_message/
2025-09-28 13:10:54.419632 - User: Anonymous - Path: /api/conversations/fce5876c-5697-49f5-baa0-df3e97670c0b/add_message/
2025-09-28 13:10:54.698469 - User: Anonymous - Path: /api/conversations/fce5876c-5697-49f5-baa0-df3e97670c0b/add_message/
2025-09-28 13:10:54.984224 - User: Anonymous - Path: /api/conversations/fce5876c-5697-49f5-baa0-df3e97670c0b/add_message/
2025-09-28 13:15:53.419894 - User: Anonymous - Path: /api/admin/some_action/
2025-09-28 13:21:58.368222 - User: Anonymous - Path: /api/token/
2025-09-28 13:23:02.972841 - User: Anonymous - Path: /api/token/
2025-09-28 13:25:19.437537 - User: Anonymous - Path: /api/token/
2025-09-28 13:26:21.499586 - User: Anonymous - Path: /api/token/
2025-09-28 13:27:01.287990 - User: Anonymous - Path: /api/token/
2025-09-28 13:28:07.275993 - User: Anonymous - Path: /api/admin/some_action/
2025-09-28 13:29:17.565420 - User: Anonymous - Path: /api/admin/some_action/
2025-09-28 13:33:10.246478 - User: Anonymous - Path: /api/token/
2025-09-28 13:33:43.466134 - User: Anonymous - Path: /api/admin/some_action/
2025-09-28 13:33:58.037478 - User: Anonymous - Path: /api/token/
2025-09-28 13:34:46.818202 - User: Anonymous - Path: /api/admin/some_action/
2025-09-28 13:44:03.994480 - User: Anonymous - Path: /api/token/
2025-09-28 13:44:22.423356 - User: Anonymous - Path: /api/admin/some_action/
2025-09-28 13:44:43.002477 - User: Anonymous - Path: /api/token/
2025-09-28 13:45:21.804288 - User: Anonymous - Path: /api/admin/some_action/
2025-09-28 13:47:39.971368 - User: Anonymous - Path: /api/admin/some_action/
2025-09-28 14:18:02.160114 - User: Anonymous - Path: /api/admin/some_action/
2025-09-28 15:03:10.077414 - User: Anonymous - Path: /api/admin/some_action/
2025-09-28 15:03:29.590286 - User: Anonymous - Path: /api/token/
2025-09-28 15:04:02.221723 - User: Anonymous - Path: /api/admin/some_action/
2025-09-28 15:04:25.174431 - User: Anonymous - Path: /api/token/
2025-09-28 15:05:02.792014 - User: Anonymous - Path: /api/admin/some_action/
